Vivado Simulator 2019.2
Copyright 1986-1999, 2001-2019 Xilinx, Inc. All Rights Reserved.
Running: D:/vivado/Vivado/2019.2/bin/unwrapped/win64.o/xelab.exe -wto ed516687f232422f80e08993ac502a76 --incr --debug typical --relax --mt 2 -L xil_defaultlib -L fifo_generator_v13_2_5 -L axi_interconnect_v1_7_17 -L blk_mem_gen_v8_4_4 -L xbip_utils_v3_0_10 -L axi_utils_v2_0_6 -L xbip_pipe_v3_0_6 -L xbip_dsp48_wrapper_v3_0_4 -L xbip_dsp48_addsub_v3_0_6 -L xbip_bram18k_v3_0_6 -L mult_gen_v12_0_16 -L floating_point_v7_0_17 -L xbip_dsp48_mult_v3_0_6 -L xbip_dsp48_multadd_v3_0_6 -L div_gen_v5_1_16 -L generic_baseblocks_v2_1_0 -L axi_infrastructure_v1_1_0 -L axi_register_slice_v2_1_20 -L axi_data_fifo_v2_1_19 -L axi_crossbar_v2_1_21 -L unisims_ver -L unimacro_ver -L secureip -L xpm --snapshot godson_system_behav xil_defaultlib.godson_system xil_defaultlib.glbl -log elaborate.log 
Using 2 slave threads.
Starting static elaboration
Pass Through NonSizing Optimizer
WARNING: [VRFC 10-3091] actual bit length 32 differs from formal bit length 12 for port 's_axi_arqos' [E:/study/game/code/test/display/soc_up/rtl/MIRROR_SWAMP/core/AXI_Interface.v:2068]
WARNING: [VRFC 10-3091] actual bit length 32 differs from formal bit length 12 for port 's_axi_awqos' [E:/study/game/code/test/display/soc_up/rtl/MIRROR_SWAMP/core/AXI_Interface.v:2085]
WARNING: [VRFC 10-3091] actual bit length 4 differs from formal bit length 8 for port 's_awlen' [E:/study/game/code/test/display/soc_up/rtl/TOP/soc_up_top.v:924]
WARNING: [VRFC 10-3091] actual bit length 2 differs from formal bit length 1 for port 's_awlock' [E:/study/game/code/test/display/soc_up/rtl/TOP/soc_up_top.v:927]
WARNING: [VRFC 10-3091] actual bit length 4 differs from formal bit length 8 for port 's_arlen' [E:/study/game/code/test/display/soc_up/rtl/TOP/soc_up_top.v:944]
WARNING: [VRFC 10-3091] actual bit length 2 differs from formal bit length 1 for port 's_arlock' [E:/study/game/code/test/display/soc_up/rtl/TOP/soc_up_top.v:947]
WARNING: [VRFC 10-3091] actual bit length 19 differs from formal bit length 17 for port 'addra' [E:/study/game/code/test/display/soc_up/rtl/CONFREG/lcd.v:93]
WARNING: [VRFC 10-3091] actual bit length 12 differs from formal bit length 4 for port 'pi_dqs_found_lanes' [E:/study/game/code/test/display/soc_up/vivado_xpr/project_1/xilinx_ip/mig_axi_32/mig_axi_32/user_design/rtl/phy/mig_7series_v4_2_ddr_mc_phy_wrapper.v:1671]
WARNING: [VRFC 10-3091] actual bit length 12 differs from formal bit length 4 for port 'pi_phase_locked_lanes' [E:/study/game/code/test/display/soc_up/vivado_xpr/project_1/xilinx_ip/mig_axi_32/mig_axi_32/user_design/rtl/phy/mig_7series_v4_2_ddr_mc_phy_wrapper.v:1679]
WARNING: [VRFC 10-3091] actual bit length 12 differs from formal bit length 4 for port 'pi_dqs_found_lanes' [E:/study/game/code/test/display/soc_up/vivado_xpr/project_1/xilinx_ip/mig_axi_32/mig_axi_32/user_design/rtl/phy/mig_7series_v4_2_ddr_phy_top.v:1340]
WARNING: [VRFC 10-5021] port 'aclk2x' is not connected on this instance [/wrk/2019.2/continuous/2019_11_06_2708876/packages/customer/vivado/data/ip/xilinx/axi_crossbar_v2_1/hdl/axi_crossbar_v2_1_vl_rfs.v:3103]
WARNING: [VRFC 10-5021] port 'complex_oclk_prech_req' is not connected on this instance [E:/study/game/code/test/display/soc_up/vivado_xpr/project_1/xilinx_ip/mig_axi_32/mig_axi_32/user_design/rtl/phy/mig_7series_v4_2_ddr_calib_top.v:1318]
WARNING: [VRFC 10-3705] select index 13 into 'addr' is out of bounds [E:/study/game/code/test/display/soc_up/simu/testbench/ddr3_model.sv:1136]
WARNING: [VRFC 10-3705] select index 13 into 'addr' is out of bounds [E:/study/game/code/test/display/soc_up/simu/testbench/ddr3_model.sv:1225]
WARNING: [VRFC 10-3283] element index 13 into 'addr' is out of bounds [E:/study/game/code/test/display/soc_up/simu/testbench/ddr3_model.sv:1296]
WARNING: [VRFC 10-3283] element index 13 into 'addr' is out of bounds [E:/study/game/code/test/display/soc_up/simu/testbench/ddr3_model.sv:1326]
Completed static elaboration
Starting simulation data flow analysis
Completed simulation data flow analysis
Time Resolution for simulation is 1fs
Compiling package std.standard
Compiling package std.textio
Compiling package ieee.std_logic_1164
Compiling package ieee.numeric_std
Compiling package mult_gen_v12_0_16.mult_gen_v12_0_16_viv_comp
Compiling package xbip_utils_v3_0_10.xbip_utils_v3_0_10_pkg
Compiling package mult_gen_v12_0_16.mult_gen_v12_0_16_pkg
Compiling package ieee.std_logic_arith
Compiling package ieee.std_logic_signed
Compiling package unisim.vcomponents
Compiling package ieee.std_logic_unsigned
Compiling package ieee.vital_timing
Compiling package ieee.vital_primitives
Compiling package unisim.vpkg
Compiling package div_gen_v5_1_16.div_gen_v5_1_16_viv_comp
Compiling package xbip_pipe_v3_0_6.xbip_pipe_v3_0_6_viv_comp
Compiling package axi_utils_v2_0_6.axi_utils_v2_0_6_pkg
Compiling package ieee.math_real
Compiling package axi_utils_v2_0_6.global_util_pkg
Compiling package axi_utils_v2_0_6.axi_utils_comps
Compiling package xbip_bram18k_v3_0_6.xbip_bram18k_v3_0_6_pkg
Compiling package div_gen_v5_1_16.div_gen_pkg
Compiling package div_gen_v5_1_16.pkg_addsub
Compiling module unisims_ver.IOBUF
Compiling module xil_defaultlib.ex_ila
Compiling module xil_defaultlib.pc_ila
Compiling module xil_defaultlib.complex_ila
Compiling module generic_baseblocks_v2_1_0.generic_baseblocks_v2_1_0_carry_...
Compiling module generic_baseblocks_v2_1_0.generic_baseblocks_v2_1_0_compar...
Compiling module axi_crossbar_v2_1_21.axi_crossbar_v2_1_21_addr_decode...
Compiling module axi_crossbar_v2_1_21.axi_crossbar_v2_1_21_arbiter_res...
Compiling module generic_baseblocks_v2_1_0.generic_baseblocks_v2_1_0_mux_en...
Compiling module unisims_ver.SRLC32E_default
Compiling module axi_data_fifo_v2_1_19.axi_data_fifo_v2_1_19_ndeep_srl(...
Compiling module axi_data_fifo_v2_1_19.axi_data_fifo_v2_1_19_axic_srl_f...
Compiling module axi_crossbar_v2_1_21.axi_crossbar_v2_1_21_si_transact...
Compiling module generic_baseblocks_v2_1_0.generic_baseblocks_v2_1_0_mux_en...
Compiling module axi_crossbar_v2_1_21.axi_crossbar_v2_1_21_si_transact...
Compiling module axi_crossbar_v2_1_21.axi_crossbar_v2_1_21_splitter
Compiling module axi_data_fifo_v2_1_19.axi_data_fifo_v2_1_19_axic_reg_s...
Compiling module axi_crossbar_v2_1_21.axi_crossbar_v2_1_21_wdata_route...
Compiling module axi_crossbar_v2_1_21.axi_crossbar_v2_1_21_si_transact...
Compiling module axi_crossbar_v2_1_21.axi_crossbar_v2_1_21_si_transact...
Compiling module axi_crossbar_v2_1_21.axi_crossbar_v2_1_21_si_transact...
Compiling module axi_crossbar_v2_1_21.axi_crossbar_v2_1_21_si_transact...
Compiling module axi_crossbar_v2_1_21.axi_crossbar_v2_1_21_addr_decode...
Compiling module axi_data_fifo_v2_1_19.axi_data_fifo_v2_1_19_axic_reg_s...
Compiling module generic_baseblocks_v2_1_0.generic_baseblocks_v2_1_0_mux_en...
Compiling module axi_crossbar_v2_1_21.axi_crossbar_v2_1_21_wdata_mux(C...
Compiling module axi_infrastructure_v1_1_0.axi_infrastructure_v1_1_0_axi2ve...
Compiling module axi_infrastructure_v1_1_0.axi_infrastructure_v1_1_0_vector...
Compiling module axi_register_slice_v2_1_20.axi_register_slice_v2_1_20_axic_...
Compiling module axi_register_slice_v2_1_20.axi_register_slice_v2_1_20_axic_...
Compiling module axi_register_slice_v2_1_20.axi_register_slice_v2_1_20_axic_...
Compiling module axi_register_slice_v2_1_20.axi_register_slice_v2_1_20_axic_...
Compiling module axi_register_slice_v2_1_20.axi_register_slice_v2_1_20_axi_r...
Compiling module axi_data_fifo_v2_1_19.axi_data_fifo_v2_1_19_axic_reg_s...
Compiling module axi_crossbar_v2_1_21.axi_crossbar_v2_1_21_wdata_mux(C...
Compiling module axi_data_fifo_v2_1_19.axi_data_fifo_v2_1_19_axic_srl_f...
Compiling module generic_baseblocks_v2_1_0.generic_baseblocks_v2_1_0_mux_en...
Compiling module generic_baseblocks_v2_1_0.generic_baseblocks_v2_1_0_mux_en...
Compiling module axi_crossbar_v2_1_21.axi_crossbar_v2_1_21_addr_arbite...
Compiling module axi_crossbar_v2_1_21.axi_crossbar_v2_1_21_decerr_slav...
Compiling module axi_crossbar_v2_1_21.axi_crossbar_v2_1_21_crossbar(C_...
Compiling module axi_crossbar_v2_1_21.axi_crossbar_v2_1_21_axi_crossba...
Compiling module xil_defaultlib.axi_crossbar
Compiling module xil_defaultlib.AXI_Interface
Compiling module xil_defaultlib.xpm_memory_base(MEMORY_TYPE=0,ME...
Compiling module xil_defaultlib.xpm_memory_spram(MEMORY_SIZE=537...
Compiling module xil_defaultlib.simple_port_lutram_default
Compiling module xil_defaultlib.xpm_memory_base(MEMORY_TYPE=1,ME...
Compiling module xil_defaultlib.xpm_memory_sdpram(MEMORY_SIZE=81...
Compiling module xil_defaultlib.simple_port_ram_default
Compiling module xil_defaultlib.PLRU_default
Compiling module xil_defaultlib.Icache_default
Compiling module xil_defaultlib.xpm_memory_base(MEMORY_TYPE=0,ME...
Compiling module xil_defaultlib.xpm_memory_spram(MEMORY_SIZE=256...
Compiling module xil_defaultlib.simple_port_lutram(DATA_WIDTH=1)
Compiling module xil_defaultlib.FIFO
Compiling module xil_defaultlib.DCache_default
Compiling module xil_defaultlib.ITLB_stage
Compiling module xil_defaultlib.pre_if_stage
Compiling module xil_defaultlib.xpm_memory_base(MEMORY_TYPE=1,ME...
Compiling module xil_defaultlib.xpm_memory_sdpram(MEMORY_SIZE=14...
Compiling module xil_defaultlib.simple_port_ram(DATA_WIDTH=56)
Compiling module xil_defaultlib.BPU
Compiling module xil_defaultlib.if_stage
Compiling module xil_defaultlib.decoder_6_64
Compiling module xil_defaultlib.decoder_5_32
Compiling module xil_defaultlib.regfile
Compiling module xil_defaultlib.id_stage
Compiling module xil_defaultlib.cloclz_cnt
Compiling module xil_defaultlib.trap
Compiling architecture lut2_v of entity unisim.LUT2 [\LUT2(init="1000")(0,3)\]
Compiling architecture mult_and_v of entity unisim.MULT_AND [mult_and_default]
Compiling architecture muxcy_v of entity unisim.MUXCY [muxcy_default]
Compiling architecture xorcy_v of entity unisim.XORCY [xorcy_default]
Compiling architecture xilinx of entity mult_gen_v12_0_16.op_resize [\op_resize(ai_width=32,bi_width=...]
Compiling architecture xilinx of entity mult_gen_v12_0_16.luts [\luts(c_xdevicefamily="artix7",c...]
Compiling architecture xilinx of entity mult_gen_v12_0_16.mult_gen_v12_0_16_viv [\mult_gen_v12_0_16_viv(c_verbosi...]
Compiling architecture xilinx of entity mult_gen_v12_0_16.mult_gen_v12_0_16 [\mult_gen_v12_0_16(c_xdevicefami...]
Compiling architecture multiplier_arch of entity xil_defaultlib.multiplier [multiplier_default]
Compiling architecture synth of entity div_gen_v5_1_16.c_twos_comp_viv [\c_twos_comp_viv(c_width=32,c_ai...]
Compiling architecture virtex of entity div_gen_v5_1_16.cmp2s_v [\cmp2s_v(c_bus_width=32,c_regist...]
Compiling architecture synth of entity div_gen_v5_1_16.c_twos_comp_viv [\c_twos_comp_viv(c_width=32,c_ai...]
Compiling architecture virtex of entity div_gen_v5_1_16.cmp2s_v [\cmp2s_v(c_bus_width=32,c_ainit_...]
Compiling architecture synth of entity xbip_pipe_v3_0_6.xbip_pipe_v3_0_6_viv [\xbip_pipe_v3_0_6_viv(c_latency=...]
Compiling architecture synth of entity xbip_pipe_v3_0_6.xbip_pipe_v3_0_6_viv [\xbip_pipe_v3_0_6_viv(c_latency=...]
Compiling architecture synth of entity xbip_pipe_v3_0_6.xbip_pipe_v3_0_6_viv [\xbip_pipe_v3_0_6_viv(c_latency=...]
Compiling architecture synth of entity xbip_pipe_v3_0_6.xbip_pipe_v3_0_6_viv [\xbip_pipe_v3_0_6_viv(c_latency=...]
Compiling architecture synth of entity xbip_pipe_v3_0_6.xbip_pipe_v3_0_6_viv [\xbip_pipe_v3_0_6_viv(c_latency=...]
Compiling architecture synth of entity xbip_pipe_v3_0_6.xbip_pipe_v3_0_6_viv [\xbip_pipe_v3_0_6_viv(c_latency=...]
Compiling architecture synth of entity xbip_pipe_v3_0_6.xbip_pipe_v3_0_6_viv [\xbip_pipe_v3_0_6_viv(c_latency=...]
Compiling architecture synth of entity xbip_pipe_v3_0_6.xbip_pipe_v3_0_6_viv [\xbip_pipe_v3_0_6_viv(c_latency=...]
Compiling architecture synth of entity xbip_pipe_v3_0_6.xbip_pipe_v3_0_6_viv [\xbip_pipe_v3_0_6_viv(c_latency=...]
Compiling architecture rtl of entity div_gen_v5_1_16.c_addsub_lut6 [\c_addsub_lut6(c_width=33,c_add_...]
Compiling architecture synth of entity div_gen_v5_1_16.c_addsub_viv [\c_addsub_viv(c_a_width=33,c_b_w...]
Compiling architecture virtex of entity div_gen_v5_1_16.addsubreg_v [\addsubreg_v(c_bus_width=33,c_ha...]
Compiling architecture synth of entity xbip_pipe_v3_0_6.xbip_pipe_v3_0_6_viv [\xbip_pipe_v3_0_6_viv(c_latency=...]
Compiling architecture synth of entity xbip_pipe_v3_0_6.xbip_pipe_v3_0_6_viv [\xbip_pipe_v3_0_6_viv(c_latency=...]
Compiling architecture synth of entity xbip_pipe_v3_0_6.xbip_pipe_v3_0_6_viv [\xbip_pipe_v3_0_6_viv(c_latency=...]
Compiling architecture synth of entity xbip_pipe_v3_0_6.xbip_pipe_v3_0_6_viv [\xbip_pipe_v3_0_6_viv(c_latency=...]
Compiling architecture synth of entity xbip_pipe_v3_0_6.xbip_pipe_v3_0_6_viv [\xbip_pipe_v3_0_6_viv(c_latency=...]
Compiling architecture synth of entity xbip_pipe_v3_0_6.xbip_pipe_v3_0_6_viv [\xbip_pipe_v3_0_6_viv(c_latency=...]
Compiling architecture synth of entity xbip_pipe_v3_0_6.xbip_pipe_v3_0_6_viv [\xbip_pipe_v3_0_6_viv(c_latency=...]
Compiling architecture synth of entity xbip_pipe_v3_0_6.xbip_pipe_v3_0_6_viv [\xbip_pipe_v3_0_6_viv(c_latency=...]
Compiling architecture rtl of entity div_gen_v5_1_16.c_addsub_lut6 [\c_addsub_lut6(c_width=33,c_add_...]
Compiling architecture synth of entity div_gen_v5_1_16.c_addsub_viv [\c_addsub_viv(c_a_width=33,c_b_w...]
Compiling architecture virtex of entity div_gen_v5_1_16.addsubreg_v [\addsubreg_v(c_bus_width=33,c_ha...]
Compiling architecture synth of entity xbip_pipe_v3_0_6.xbip_pipe_v3_0_6_viv [\xbip_pipe_v3_0_6_viv(c_latency=...]
Compiling architecture virtex of entity div_gen_v5_1_16.dividervdc_v [\dividervdc_v(bus_num=32,bus_div...]
Compiling architecture synth of entity div_gen_v5_1_16.c_twos_comp_viv [\c_twos_comp_viv(c_width=33,c_ai...]
Compiling architecture virtex of entity div_gen_v5_1_16.cmp2s_v [\cmp2s_v(c_bus_width=33,c_regist...]
Compiling architecture synth of entity div_gen_v5_1_16.bip_sdivider_synth [\bip_sdivider_synth(c_xdevicefam...]
Compiling architecture synth of entity div_gen_v5_1_16.div_gen_synth [\div_gen_synth(c_xdevicefamily="...]
Compiling architecture synth of entity xbip_pipe_v3_0_6.xbip_pipe_v3_0_6_viv [\xbip_pipe_v3_0_6_viv(c_latency=...]
Compiling architecture synth of entity div_gen_v5_1_16.div_gen_v5_1_16_viv [\div_gen_v5_1_16_viv(c_xdevicefa...]
Compiling architecture xilinx of entity div_gen_v5_1_16.div_gen_v5_1_16 [\div_gen_v5_1_16(c_xdevicefamily...]
Compiling architecture mydiv_arch of entity xil_defaultlib.mydiv [mydiv_default]
Compiling architecture virtex of entity div_gen_v5_1_16.dividervdc_v [\dividervdc_v(bus_num=32,bus_div...]
Compiling architecture synth of entity div_gen_v5_1_16.bip_sdivider_synth [\bip_sdivider_synth(c_xdevicefam...]
Compiling architecture synth of entity div_gen_v5_1_16.div_gen_synth [\div_gen_synth(c_xdevicefamily="...]
Compiling architecture synth of entity xbip_pipe_v3_0_6.xbip_pipe_v3_0_6_viv [\xbip_pipe_v3_0_6_viv(c_latency=...]
Compiling architecture synth of entity div_gen_v5_1_16.div_gen_v5_1_16_viv [\div_gen_v5_1_16_viv(c_xdevicefa...]
Compiling architecture xilinx of entity div_gen_v5_1_16.div_gen_v5_1_16 [\div_gen_v5_1_16(c_xdevicefamily...]
Compiling architecture mydiv_unsigned_arch of entity xil_defaultlib.mydiv_unsigned [mydiv_unsigned_default]
Compiling module xil_defaultlib.alu
Compiling module xil_defaultlib.exe_stage
Compiling module xil_defaultlib.CP0_Reg
Compiling module xil_defaultlib.DTLB_stage
Compiling module xil_defaultlib.m1_stage
Compiling module xil_defaultlib.mem_stage
Compiling module xil_defaultlib.wb_stage
Compiling module xil_defaultlib.tlb_default
Compiling module xil_defaultlib.mycpu_top
Compiling module xil_defaultlib.nb_sync_fifo_mux
Compiling module xil_defaultlib.axi_slave_mux
Compiling module xil_defaultlib.spi_fifo4
Compiling module xil_defaultlib.simple_spi_top
Compiling module xil_defaultlib.spi_flash_ctrl
Compiling module blk_mem_gen_v8_4_4.blk_mem_gen_v8_4_4_output_stage(...
Compiling module blk_mem_gen_v8_4_4.blk_mem_gen_v8_4_4_output_stage(...
Compiling module blk_mem_gen_v8_4_4.blk_mem_gen_v8_4_4_softecc_outpu...
Compiling module blk_mem_gen_v8_4_4.blk_mem_gen_v8_4_4_mem_module(C_...
Compiling module blk_mem_gen_v8_4_4.blk_mem_gen_v8_4_4(C_FAMILY="art...
Compiling module xil_defaultlib.init_img_rom
Compiling module xil_defaultlib.lcd
Compiling module xil_defaultlib.confreg
Compiling module xil_defaultlib.RegFile2_64x16
Compiling module xil_defaultlib.DMA
Compiling module xil_defaultlib.TLSM
Compiling module xil_defaultlib.TFIFO_default
Compiling module xil_defaultlib.TC
Compiling module xil_defaultlib.BD
Compiling module xil_defaultlib.RC
Compiling module xil_defaultlib.RFIFO
Compiling module xil_defaultlib.RLSM
Compiling module xil_defaultlib.CSR
Compiling module xil_defaultlib.RSTC
Compiling module xil_defaultlib.MAC
Compiling module xil_defaultlib.MACDATA2AXI
Compiling module xil_defaultlib.MACCSR2AXI
Compiling module xil_defaultlib.MAC2AXI
Compiling module xil_defaultlib.MAC_AXI
Compiling module xil_defaultlib.mac_top
Compiling module blk_mem_gen_v8_4_4.blk_mem_gen_v8_4_4_output_stage(...
Compiling module blk_mem_gen_v8_4_4.blk_mem_gen_v8_4_4_output_stage(...
Compiling module blk_mem_gen_v8_4_4.blk_mem_gen_v8_4_4_softecc_outpu...
Compiling module blk_mem_gen_v8_4_4.blk_mem_gen_v8_4_4_mem_module(C_...
Compiling module blk_mem_gen_v8_4_4.blk_mem_gen_v8_4_4(C_FAMILY="art...
Compiling module xil_defaultlib.dpram_512x32
Compiling module xil_defaultlib.ethernet_top
Compiling module unisims_ver.PLLE2_ADV_default
Compiling module unisims_ver.BUFG
Compiling module xil_defaultlib.clk_pll_33_clk_wiz
Compiling module xil_defaultlib.clk_pll_33
Compiling module xil_defaultlib.clk_wiz_0_clk_wiz
Compiling module xil_defaultlib.clk_wiz_0
Compiling module axi_interconnect_v1_7_17.axi_interconnect_v1_7_17_axic_re...
Compiling module axi_interconnect_v1_7_17.axi_interconnect_v1_7_17_axic_re...
Compiling module axi_interconnect_v1_7_17.axi_interconnect_v1_7_17_axic_re...
Compiling module axi_interconnect_v1_7_17.axi_interconnect_v1_7_17_axic_re...
Compiling module axi_interconnect_v1_7_17.axi_interconnect_v1_7_17_axi_reg...
Compiling module axi_interconnect_v1_7_17.axi_interconnect_v1_7_17_axic_re...
Compiling module axi_interconnect_v1_7_17.axi_interconnect_v1_7_17_axic_re...
Compiling module axi_interconnect_v1_7_17.axi_interconnect_v1_7_17_axi_reg...
Compiling module axi_interconnect_v1_7_17.axi_interconnect_v1_7_17_registe...
Compiling module axi_interconnect_v1_7_17.axi_interconnect_v1_7_17_axic_re...
Compiling module axi_interconnect_v1_7_17.axi_interconnect_v1_7_17_axic_re...
Compiling module axi_interconnect_v1_7_17.axi_interconnect_v1_7_17_axic_re...
Compiling module axi_interconnect_v1_7_17.axi_interconnect_v1_7_17_axic_re...
Compiling module axi_interconnect_v1_7_17.axi_interconnect_v1_7_17_axi_reg...
Compiling module axi_interconnect_v1_7_17.axi_interconnect_v1_7_17_registe...
Compiling module axi_interconnect_v1_7_17.axi_interconnect_v1_7_17_protoco...
Compiling module fifo_generator_v13_2_5.fifo_generator_v13_2_5_sync_stag...
Compiling module fifo_generator_v13_2_5.fifo_generator_v13_2_5_bhv_ver_a...
Compiling module fifo_generator_v13_2_5.fifo_generator_v13_2_5_bhv_ver_p...
Compiling module fifo_generator_v13_2_5.fifo_generator_v13_2_5_CONV_VER(...
Compiling module fifo_generator_v13_2_5.fifo_generator_vlog_beh(C_DATA_C...
Compiling module fifo_generator_v13_2_5.fifo_generator_v13_2_5_bhv_ver_a...
Compiling module fifo_generator_v13_2_5.fifo_generator_v13_2_5_bhv_ver_p...
Compiling module fifo_generator_v13_2_5.fifo_generator_v13_2_5_CONV_VER(...
Compiling module fifo_generator_v13_2_5.fifo_generator_vlog_beh(C_DATA_C...
Compiling module fifo_generator_v13_2_5.fifo_generator_v13_2_5_bhv_ver_a...
Compiling module fifo_generator_v13_2_5.fifo_generator_v13_2_5_bhv_ver_p...
Compiling module fifo_generator_v13_2_5.fifo_generator_v13_2_5_CONV_VER(...
Compiling module fifo_generator_v13_2_5.fifo_generator_vlog_beh(C_DATA_C...
Compiling module fifo_generator_v13_2_5.fifo_generator_vlog_beh(C_DATA_C...
Compiling module fifo_generator_v13_2_5.fifo_generator_v13_2_5_bhv_ver_a...
Compiling module fifo_generator_v13_2_5.fifo_generator_v13_2_5_bhv_ver_p...
Compiling module fifo_generator_v13_2_5.fifo_generator_v13_2_5_CONV_VER(...
Compiling module fifo_generator_v13_2_5.fifo_generator_vlog_beh(C_DATA_C...
Compiling module axi_interconnect_v1_7_17.axi_interconnect_v1_7_17_axi_clo...
Compiling module fifo_generator_v13_2_5.fifo_generator_vlog_beh(C_DATA_C...
Compiling module fifo_generator_v13_2_5.fifo_generator_v13_2_5_bhv_ver_a...
Compiling module fifo_generator_v13_2_5.fifo_generator_v13_2_5_bhv_ver_p...
Compiling module fifo_generator_v13_2_5.fifo_generator_v13_2_5_CONV_VER(...
Compiling module fifo_generator_v13_2_5.fifo_generator_vlog_beh(C_DATA_C...
Compiling module fifo_generator_v13_2_5.fifo_generator_vlog_beh(C_DATA_C...
Compiling module fifo_generator_v13_2_5.fifo_generator_vlog_beh(C_DATA_C...
Compiling module fifo_generator_v13_2_5.fifo_generator_v13_2_5_bhv_ver_a...
Compiling module fifo_generator_v13_2_5.fifo_generator_v13_2_5_bhv_ver_p...
Compiling module fifo_generator_v13_2_5.fifo_generator_v13_2_5_CONV_VER(...
Compiling module fifo_generator_v13_2_5.fifo_generator_vlog_beh(C_DATA_C...
Compiling module axi_interconnect_v1_7_17.axi_interconnect_v1_7_17_axi_clo...
Compiling module fifo_generator_v13_2_5.fifo_generator_v13_2_5_bhv_ver_s...
Compiling module fifo_generator_v13_2_5.fifo_generator_v13_2_5_bhv_ver_p...
Compiling module fifo_generator_v13_2_5.fifo_generator_v13_2_5_CONV_VER(...
Compiling module fifo_generator_v13_2_5.fifo_generator_vlog_beh(C_COMMON...
Compiling module axi_interconnect_v1_7_17.axi_interconnect_v1_7_17_fifo_ge...
Compiling module axi_interconnect_v1_7_17.axi_interconnect_v1_7_17_axic_fi...
Compiling module fifo_generator_v13_2_5.fifo_generator_v13_2_5_bhv_ver_s...
Compiling module fifo_generator_v13_2_5.fifo_generator_v13_2_5_bhv_ver_p...
Compiling module fifo_generator_v13_2_5.fifo_generator_v13_2_5_CONV_VER(...
Compiling module fifo_generator_v13_2_5.fifo_generator_vlog_beh(C_COMMON...
Compiling module axi_interconnect_v1_7_17.axi_interconnect_v1_7_17_fifo_ge...
Compiling module axi_interconnect_v1_7_17.axi_interconnect_v1_7_17_axic_fi...
Compiling module axi_interconnect_v1_7_17.axi_interconnect_v1_7_17_a_downs...
Compiling module axi_interconnect_v1_7_17.axi_interconnect_v1_7_17_w_downs...
Compiling module axi_interconnect_v1_7_17.axi_interconnect_v1_7_17_b_downs...
Compiling module axi_interconnect_v1_7_17.axi_interconnect_v1_7_17_a_downs...
Compiling module axi_interconnect_v1_7_17.axi_interconnect_v1_7_17_r_downs...
Compiling module axi_interconnect_v1_7_17.axi_interconnect_v1_7_17_axi_dow...
Compiling module axi_interconnect_v1_7_17.axi_interconnect_v1_7_17_convert...
Compiling module axi_interconnect_v1_7_17.axi_interconnect_v1_7_17_axi_clo...
Compiling module axi_interconnect_v1_7_17.axi_interconnect_v1_7_17_convert...
Compiling module fifo_generator_v13_2_5.fifo_generator_vlog_beh(C_COMMON...
Compiling module fifo_generator_v13_2_5.fifo_generator_v13_2_5_bhv_ver_s...
Compiling module fifo_generator_v13_2_5.fifo_generator_v13_2_5_CONV_VER(...
Compiling module fifo_generator_v13_2_5.fifo_generator_vlog_beh(C_COMMON...
Compiling module fifo_generator_v13_2_5.fifo_generator_vlog_beh(C_COMMON...
Compiling module fifo_generator_v13_2_5.fifo_generator_vlog_beh(C_COMMON...
Compiling module fifo_generator_v13_2_5.fifo_generator_v13_2_5_bhv_ver_s...
Compiling module fifo_generator_v13_2_5.fifo_generator_v13_2_5_CONV_VER(...
Compiling module fifo_generator_v13_2_5.fifo_generator_vlog_beh(C_COMMON...
Compiling module axi_interconnect_v1_7_17.axi_interconnect_v1_7_17_axi_dat...
Compiling module axi_interconnect_v1_7_17.axi_interconnect_v1_7_17_data_fi...
Compiling module fifo_generator_v13_2_5.fifo_generator_vlog_beh(C_COMMON...
Compiling module fifo_generator_v13_2_5.fifo_generator_v13_2_5_bhv_ver_s...
Compiling module fifo_generator_v13_2_5.fifo_generator_v13_2_5_bhv_ver_p...
Compiling module fifo_generator_v13_2_5.fifo_generator_v13_2_5_CONV_VER(...
Compiling module fifo_generator_v13_2_5.fifo_generator_vlog_beh(C_COMMON...
Compiling module fifo_generator_v13_2_5.fifo_generator_vlog_beh(C_COMMON...
Compiling module fifo_generator_v13_2_5.fifo_generator_vlog_beh(C_COMMON...
Compiling module fifo_generator_v13_2_5.fifo_generator_v13_2_5_bhv_ver_s...
Compiling module fifo_generator_v13_2_5.fifo_generator_v13_2_5_bhv_ver_p...
Compiling module fifo_generator_v13_2_5.fifo_generator_v13_2_5_CONV_VER(...
Compiling module fifo_generator_v13_2_5.fifo_generator_vlog_beh(C_COMMON...
Compiling module axi_interconnect_v1_7_17.axi_interconnect_v1_7_17_axi_dat...
Compiling module axi_interconnect_v1_7_17.axi_interconnect_v1_7_17_data_fi...
Compiling module axi_interconnect_v1_7_17.axi_interconnect_v1_7_17_arbiter...
Compiling module axi_interconnect_v1_7_17.axi_interconnect_v1_7_17_mux_enc...
Compiling module axi_interconnect_v1_7_17.axi_interconnect_v1_7_17_si_tran...
Compiling module axi_interconnect_v1_7_17.axi_interconnect_v1_7_17_mux_enc...
Compiling module axi_interconnect_v1_7_17.axi_interconnect_v1_7_17_si_tran...
Compiling module axi_interconnect_v1_7_17.axi_interconnect_v1_7_17_splitte...
Compiling module axi_interconnect_v1_7_17.axi_interconnect_v1_7_17_ndeep_s...
Compiling module axi_interconnect_v1_7_17.axi_interconnect_v1_7_17_axic_re...
Compiling module axi_interconnect_v1_7_17.axi_interconnect_v1_7_17_wdata_r...
Compiling module axi_interconnect_v1_7_17.axi_interconnect_v1_7_17_si_tran...
Compiling module axi_interconnect_v1_7_17.axi_interconnect_v1_7_17_si_tran...
Compiling module axi_interconnect_v1_7_17.axi_interconnect_v1_7_17_axic_re...
Compiling module axi_interconnect_v1_7_17.axi_interconnect_v1_7_17_wdata_r...
Compiling module axi_interconnect_v1_7_17.axi_interconnect_v1_7_17_si_tran...
Compiling module axi_interconnect_v1_7_17.axi_interconnect_v1_7_17_si_tran...
Compiling module unisims_ver.MUXCY
Compiling module axi_interconnect_v1_7_17.axi_interconnect_v1_7_17_carry_a...
Compiling module axi_interconnect_v1_7_17.axi_interconnect_v1_7_17_compara...
Compiling module axi_interconnect_v1_7_17.axi_interconnect_v1_7_17_compara...
Compiling module axi_interconnect_v1_7_17.axi_interconnect_v1_7_17_compara...
Compiling module axi_interconnect_v1_7_17.axi_interconnect_v1_7_17_addr_de...
Compiling module axi_interconnect_v1_7_17.axi_interconnect_v1_7_17_ndeep_s...
Compiling module axi_interconnect_v1_7_17.axi_interconnect_v1_7_17_axic_re...
Compiling module axi_interconnect_v1_7_17.axi_interconnect_v1_7_17_mux_enc...
Compiling module axi_interconnect_v1_7_17.axi_interconnect_v1_7_17_wdata_m...
Compiling module axi_interconnect_v1_7_17.axi_interconnect_v1_7_17_axic_re...
Compiling module axi_interconnect_v1_7_17.axi_interconnect_v1_7_17_axic_re...
Compiling module axi_interconnect_v1_7_17.axi_interconnect_v1_7_17_axi_reg...
Compiling module axi_interconnect_v1_7_17.axi_interconnect_v1_7_17_axic_re...
Compiling module axi_interconnect_v1_7_17.axi_interconnect_v1_7_17_wdata_m...
Compiling module axi_interconnect_v1_7_17.axi_interconnect_v1_7_17_axic_re...
Compiling module axi_interconnect_v1_7_17.axi_interconnect_v1_7_17_axi_reg...
Compiling module axi_interconnect_v1_7_17.axi_interconnect_v1_7_17_mux_enc...
Compiling module axi_interconnect_v1_7_17.axi_interconnect_v1_7_17_mux_enc...
Compiling module axi_interconnect_v1_7_17.axi_interconnect_v1_7_17_addr_ar...
Compiling module axi_interconnect_v1_7_17.axi_interconnect_v1_7_17_crossba...
Compiling module axi_interconnect_v1_7_17.axi_interconnect_v1_7_17_axi_cro...
Compiling module axi_interconnect_v1_7_17.axi_interconnect_v1_7_17_axi_int...
Compiling module axi_interconnect_v1_7_17.axi_interconnect_v1_7_17_top(C_F...
Compiling module xil_defaultlib.axi_interconnect_0
Compiling module unisims_ver.IDELAYCTRL_default
Compiling module xil_defaultlib.mig_7series_v4_2_iodelay_ctrl(IO...
Compiling module xil_defaultlib.mig_7series_v4_2_clk_ibuf(SYSCLK...
Compiling module unisims_ver.XADC(INIT_40=16'b01000000000000,...
Compiling module xil_defaultlib.mig_7series_v4_2_tempmon_default
Compiling module unisims_ver.PLLE2_ADV(CLKOUT1_DIVIDE=2,CLKOU...
Compiling module unisims_ver.BUFH
Compiling module unisims_ver.MMCME2_ADV(BANDWIDTH="HIGH",CLKF...
Compiling module xil_defaultlib.mig_7series_v4_2_infrastructure(...
Compiling module xil_defaultlib.mig_7series_v4_2_rank_cntrl(DQRD...
Compiling module xil_defaultlib.mig_7series_v4_2_round_robin_arb...
Compiling module xil_defaultlib.mig_7series_v4_2_round_robin_arb...
Compiling module xil_defaultlib.mig_7series_v4_2_rank_common(MAI...
Compiling module xil_defaultlib.mig_7series_v4_2_rank_mach(CS_WI...
Compiling module xil_defaultlib.mig_7series_v4_2_bank_compare(CO...
Compiling module xil_defaultlib.mig_7series_v4_2_bank_state(DATA...
Compiling module xil_defaultlib.mig_7series_v4_2_bank_queue_defa...
Compiling module xil_defaultlib.mig_7series_v4_2_bank_cntrl(COL_...
Compiling module xil_defaultlib.mig_7series_v4_2_bank_state(DATA...
Compiling module xil_defaultlib.mig_7series_v4_2_bank_queue(ID=1...
Compiling module xil_defaultlib.mig_7series_v4_2_bank_cntrl(COL_...
Compiling module xil_defaultlib.mig_7series_v4_2_bank_state(DATA...
Compiling module xil_defaultlib.mig_7series_v4_2_bank_queue(ID=2...
Compiling module xil_defaultlib.mig_7series_v4_2_bank_cntrl(COL_...
Compiling module xil_defaultlib.mig_7series_v4_2_bank_state(DATA...
Compiling module xil_defaultlib.mig_7series_v4_2_bank_queue(ID=3...
Compiling module xil_defaultlib.mig_7series_v4_2_bank_cntrl(COL_...
Compiling module xil_defaultlib.mig_7series_v4_2_bank_common(LOW...
Compiling module xil_defaultlib.mig_7series_v4_2_round_robin_arb...
Compiling module xil_defaultlib.mig_7series_v4_2_arb_row_col(nCK...
Compiling module xil_defaultlib.mig_7series_v4_2_arb_select(CS_W...
Compiling module xil_defaultlib.mig_7series_v4_2_arb_mux(CS_WIDT...
Compiling module xil_defaultlib.mig_7series_v4_2_bank_mach(COL_W...
Compiling module unisims_ver.RAM32M
Compiling module xil_defaultlib.mig_7series_v4_2_col_mach(COL_WI...
Compiling module xil_defaultlib.mig_7series_v4_2_mc(CL=6,COL_WID...
Compiling module unisims_ver.OBUF
Compiling module unisims_ver.OBUFT
Compiling module unisims_ver.IOBUF(IBUF_LOW_PWR="FALSE")
Compiling module unisims_ver.IOBUFDS_DIFF_OUT_INTERMDISABLE(D...
Compiling module unisims_ver.IDDR
Compiling module xil_defaultlib.mig_7series_v4_2_poc_pd_default
Compiling module xil_defaultlib.mig_7series_v4_2_ddr_of_pre_fifo...
Compiling module xil_defaultlib.mig_7series_v4_2_ddr_of_pre_fifo...
Compiling module unisims_ver.BUFIO
Compiling module xil_defaultlib.mig_7series_v4_2_ddr_if_post_fif...
Compiling module xil_defaultlib.mig_7series_v4_2_ddr_of_pre_fifo...
Compiling module unisims_ver.PHASER_IN_PHY(BURST_MODE="TRUE",...
Compiling module unisims_ver.PHASER_OUT_PHY(CLKOUT_DIV=2,DATA...
Compiling module unisims_ver.IN_FIFO
Compiling module unisims_ver.OUT_FIFO
Compiling module unisims_ver.ISERDESE2(INTERFACE_TYPE="MEMORY...
Compiling module unisims_ver.IDELAYE2(HIGH_PERFORMANCE_MODE="...
Compiling module unisims_ver.OSERDESE2(INIT_OQ=1'b1,INIT_TQ=1...
Compiling module unisims_ver.OSERDESE2(INIT_OQ=1'b1,INIT_TQ=1...
Compiling module unisims_ver.ODDR(DDR_CLK_EDGE="SAME_EDGE")
Compiling module xil_defaultlib.mig_7series_v4_2_ddr_byte_group_...
Compiling module xil_defaultlib.mig_7series_v4_2_ddr_byte_lane(P...
Compiling module xil_defaultlib.mig_7series_v4_2_ddr_byte_lane(A...
Compiling module unisims_ver.PHASER_OUT_PHY(FINE_DELAY=60,MEM...
Compiling module unisims_ver.OUT_FIFO(ARRAY_MODE="ARRAY_MODE_...
Compiling module unisims_ver.OSERDESE2(DATA_RATE_OQ="SDR",DAT...
Compiling module xil_defaultlib.mig_7series_v4_2_ddr_byte_group_...
Compiling module unisims_ver.OBUFDS
Compiling module xil_defaultlib.mig_7series_v4_2_ddr_byte_lane(A...
Compiling module xil_defaultlib.mig_7series_v4_2_ddr_byte_group_...
Compiling module xil_defaultlib.mig_7series_v4_2_ddr_byte_lane(A...
Compiling module unisims_ver.PHY_CONTROL(AO_TOGGLE=1,BURST_MO...
Compiling module unisims_ver.PHASER_REF
Compiling module xil_defaultlib.mig_7series_v4_2_ddr_phy_4lanes(...
Compiling module xil_defaultlib.mig_7series_v4_2_ddr_mc_phy(DATA...
Compiling module xil_defaultlib.mig_7series_v4_2_ddr_mc_phy_wrap...
Compiling module xil_defaultlib.mig_7series_v4_2_ddr_prbs_gen(DQ...
Compiling module xil_defaultlib.mig_7series_v4_2_ddr_phy_init(tC...
Compiling module xil_defaultlib.mig_7series_v4_2_ddr_phy_wrcal(n...
Compiling module xil_defaultlib.mig_7series_v4_2_ddr_phy_wrlvl(D...
Compiling module xil_defaultlib.mig_7series_v4_2_ddr_phy_ck_addr...
Compiling module xil_defaultlib.mig_7series_v4_2_ddr_phy_dqs_fou...
Compiling module xil_defaultlib.mig_7series_v4_2_ddr_phy_rdlvl(n...
Compiling module xil_defaultlib.mig_7series_v4_2_ddr_phy_prbs_rd...
Compiling module xil_defaultlib.mig_7series_v4_2_ddr_phy_tempmon...
Compiling module xil_defaultlib.mig_7series_v4_2_ddr_calib_top(n...
Compiling module xil_defaultlib.mig_7series_v4_2_ddr_phy_top(DDR...
Compiling module xil_defaultlib.mig_7series_v4_2_mem_intfc(DDR3_...
Compiling module xil_defaultlib.mig_7series_v4_2_ui_cmd(ADDR_WID...
Compiling module xil_defaultlib.mig_7series_v4_2_ui_wr_data(APP_...
Compiling module xil_defaultlib.mig_7series_v4_2_ui_rd_data(APP_...
Compiling module xil_defaultlib.mig_7series_v4_2_ui_top(APP_DATA...
Compiling module xil_defaultlib.mig_7series_v4_2_ddr_axic_regist...
Compiling module xil_defaultlib.mig_7series_v4_2_ddr_axic_regist...
Compiling module xil_defaultlib.mig_7series_v4_2_ddr_axic_regist...
Compiling module xil_defaultlib.mig_7series_v4_2_ddr_axic_regist...
Compiling module xil_defaultlib.mig_7series_v4_2_ddr_axi_registe...
Compiling module xil_defaultlib.mig_7series_v4_2_ddr_axic_regist...
Compiling module xil_defaultlib.mig_7series_v4_2_ddr_axic_regist...
Compiling module xil_defaultlib.mig_7series_v4_2_ddr_axic_regist...
Compiling module xil_defaultlib.mig_7series_v4_2_ddr_axic_regist...
Compiling module xil_defaultlib.mig_7series_v4_2_ddr_axi_registe...
Compiling module xil_defaultlib.mig_7series_v4_2_ddr_axic_regist...
Compiling module xil_defaultlib.mig_7series_v4_2_ddr_axic_regist...
Compiling module xil_defaultlib.mig_7series_v4_2_ddr_axic_regist...
Compiling module xil_defaultlib.mig_7series_v4_2_ddr_axi_registe...
Compiling module unisims_ver.XORCY
Compiling module unisims_ver.AND2B1L
Compiling module xil_defaultlib.mig_7series_v4_2_ddr_carry_latch...
Compiling module xil_defaultlib.mig_7series_v4_2_ddr_carry_and(C...
Compiling module unisims_ver.OR2L
Compiling module xil_defaultlib.mig_7series_v4_2_ddr_carry_latch...
Compiling module unisims_ver.FDRE_default
Compiling module xil_defaultlib.mig_7series_v4_2_ddr_command_fif...
Compiling module xil_defaultlib.mig_7series_v4_2_ddr_a_upsizer(C...
Compiling module xil_defaultlib.mig_7series_v4_2_ddr_comparator_...
Compiling module xil_defaultlib.mig_7series_v4_2_ddr_carry_or(C_...
Compiling module unisims_ver.LUT6_2(INIT=64'b0101101001011010...
Compiling module unisims_ver.LUT6_2(INIT=64'b0110011001111000...
Compiling module unisims_ver.LUT4
Compiling module unisims_ver.LUT6
Compiling module unisims_ver.FDSE_default
Compiling module xil_defaultlib.mig_7series_v4_2_ddr_comparator_...
Compiling module xil_defaultlib.mig_7series_v4_2_ddr_comparator_...
Compiling module xil_defaultlib.mig_7series_v4_2_ddr_w_upsizer(C...
Compiling module xil_defaultlib.mig_7series_v4_2_ddr_r_upsizer(C...
Compiling module xil_defaultlib.mig_7series_v4_2_ddr_axi_upsizer...
Compiling module xil_defaultlib.mig_7series_v4_2_ddr_axic_regist...
Compiling module xil_defaultlib.mig_7series_v4_2_ddr_axic_regist...
Compiling module xil_defaultlib.mig_7series_v4_2_ddr_axi_registe...
Compiling module xil_defaultlib.mig_7series_v4_2_axi_mc_incr_cmd...
Compiling module xil_defaultlib.mig_7series_v4_2_axi_mc_wrap_cmd...
Compiling module xil_defaultlib.mig_7series_v4_2_axi_mc_cmd_tran...
Compiling module xil_defaultlib.mig_7series_v4_2_axi_mc_wr_cmd_f...
Compiling module xil_defaultlib.mig_7series_v4_2_axi_mc_aw_chann...
Compiling module xil_defaultlib.mig_7series_v4_2_axi_mc_w_channe...
Compiling module xil_defaultlib.mig_7series_v4_2_axi_mc_fifo(C_A...
Compiling module xil_defaultlib.mig_7series_v4_2_axi_mc_b_channe...
Compiling module xil_defaultlib.mig_7series_v4_2_axi_mc_incr_cmd...
Compiling module xil_defaultlib.mig_7series_v4_2_axi_mc_wrap_cmd...
Compiling module xil_defaultlib.mig_7series_v4_2_axi_mc_cmd_tran...
Compiling module xil_defaultlib.mig_7series_v4_2_axi_mc_cmd_fsm(...
Compiling module xil_defaultlib.mig_7series_v4_2_axi_mc_ar_chann...
Compiling module xil_defaultlib.mig_7series_v4_2_axi_mc_fifo(C_W...
Compiling module xil_defaultlib.mig_7series_v4_2_axi_mc_fifo(C_W...
Compiling module xil_defaultlib.mig_7series_v4_2_axi_mc_r_channe...
Compiling module xil_defaultlib.mig_7series_v4_2_axi_mc_cmd_arbi...
Compiling module xil_defaultlib.mig_7series_v4_2_axi_mc(C_FAMILY...
Compiling module xil_defaultlib.mig_7series_v4_2_memc_ui_top_axi...
Compiling module xil_defaultlib.mig_axi_32_mig_default
Compiling module xil_defaultlib.mig_axi_32
Compiling module xil_defaultlib.dma_master
Compiling module xil_defaultlib.axi2apb_bridge
Compiling module xil_defaultlib.arb_2_1
Compiling module xil_defaultlib.apb_mux2
Compiling module xil_defaultlib.raminfr
Compiling module xil_defaultlib.uart_tfifo
Compiling module xil_defaultlib.uart_transmitter
Compiling module xil_defaultlib.uart_sync_flops(width=1,init_val...
Compiling module xil_defaultlib.uart_rfifo(fifo_width=11)
Compiling module xil_defaultlib.uart_receiver
Compiling module xil_defaultlib.uart_regs
Compiling module xil_defaultlib.UART_TOP
Compiling module xil_defaultlib.NAND_top
Compiling module xil_defaultlib.nand_module
Compiling module xil_defaultlib.axi2apb_misc
Compiling module xil_defaultlib.soc_up_top_default
Compiling module xil_defaultlib.BUFFER
Compiling module xil_defaultlib.s30ml04gp00
Compiling module xil_defaultlib.s30ml08gp00
Compiling module xil_defaultlib.ejtag_virtual_host
Compiling module xil_defaultlib.MX25L6405D(Init_File="../../../....
Compiling module xil_defaultlib.raminfr_v
Compiling module xil_defaultlib.uart_tfifo_v
Compiling module xil_defaultlib.uart_transmitter_v
Compiling module xil_defaultlib.uart_dev
Compiling module xil_defaultlib.ddr3_model_default
Compiling module xil_defaultlib.RF2_512x32_default
Compiling module xil_defaultlib.RF2_64x16
Compiling module xil_defaultlib.CAM_V
Compiling module xil_defaultlib.DMA_V
Compiling module xil_defaultlib.TLSM_V
Compiling module xil_defaultlib.TFIFO_V_default
Compiling module xil_defaultlib.TC_V
Compiling module xil_defaultlib.BD_V
Compiling module xil_defaultlib.RC_V
Compiling module xil_defaultlib.RFIFO_V
Compiling module xil_defaultlib.RLSM_V
Compiling module xil_defaultlib.CSR_V
Compiling module xil_defaultlib.RSTC_V
Compiling module xil_defaultlib.MAC_V
Compiling module xil_defaultlib.MACDATA2AHB_V_default
Compiling module xil_defaultlib.MACCSR2AHB_V_default
Compiling module xil_defaultlib.MAC2AHB_V(SAHBADDRESSWIDTH=8,CSR...
Compiling module xil_defaultlib.MAC_AHB_V_default
Compiling module xil_defaultlib.vMAC_TOP
Compiling module xil_defaultlib.virtual_mac_slave
Compiling module xil_defaultlib.virtual_mac_master
Compiling module xil_defaultlib.virtual_mac
Compiling module xil_defaultlib.godson_system
Compiling module xil_defaultlib.glbl
Built simulation snapshot godson_system_behav
