xilinx rtfpga
INFO: [Synth 8-5544] ROM "addv_c" won't be mapped to Block RAM because address size (4) smaller than threshold (5)
INFO: [Synth 8-5544] ROM "tlev_c" won't be mapped to Block RAM because address size (3) smaller than threshold (5)
INFO: [Synth 8-5544] ROM "rsm_c" won't be mapped to Block RAM because address size (4) smaller than threshold (5)
INFO: [Synth 8-5544] ROM "clkcnt" won't be mapped to Block RAM because address size (4) smaller than threshold (5)
WARNING: [Synth 8-3331] design axi_slave_mux has unconnected port spi_boot
WARNING: [Synth 8-3331] design spi_flash_ctrl has unconnected port s_awcache[3]
WARNING: [Synth 8-3331] design spi_flash_ctrl has unconnected port s_awcache[2]
WARNING: [Synth 8-3331] design spi_flash_ctrl has unconnected port s_awcache[1]
WARNING: [Synth 8-3331] design spi_flash_ctrl has unconnected port s_awcache[0]
WARNING: [Synth 8-3331] design spi_flash_ctrl has unconnected port s_awprot[2]
WARNING: [Synth 8-3331] design spi_flash_ctrl has unconnected port s_awprot[1]
WARNING: [Synth 8-3331] design spi_flash_ctrl has unconnected port s_awprot[0]
WARNING: [Synth 8-3331] design spi_flash_ctrl has unconnected port s_awburst[1]
WARNING: [Synth 8-3331] design spi_flash_ctrl has unconnected port s_awburst[0]
WARNING: [Synth 8-3331] design spi_flash_ctrl has unconnected port s_awlock[1]
WARNING: [Synth 8-3331] design spi_flash_ctrl has unconnected port s_awlock[0]
WARNING: [Synth 8-3331] design spi_flash_ctrl has unconnected port s_wid[3]
WARNING: [Synth 8-3331] design spi_flash_ctrl has unconnected port s_wid[2]
WARNING: [Synth 8-3331] design spi_flash_ctrl has unconnected port s_wid[1]
WARNING: [Synth 8-3331] design spi_flash_ctrl has unconnected port s_wid[0]
WARNING: [Synth 8-3331] design spi_flash_ctrl has unconnected port s_wstrb[3]
WARNING: [Synth 8-3331] design spi_flash_ctrl has unconnected port s_wstrb[2]
WARNING: [Synth 8-3331] design spi_flash_ctrl has unconnected port s_wstrb[1]
WARNING: [Synth 8-3331] design spi_flash_ctrl has unconnected port s_wstrb[0]
WARNING: [Synth 8-3331] design spi_flash_ctrl has unconnected port s_arcache[3]
WARNING: [Synth 8-3331] design spi_flash_ctrl has unconnected port s_arcache[2]
WARNING: [Synth 8-3331] design spi_flash_ctrl has unconnected port s_arcache[1]
WARNING: [Synth 8-3331] design spi_flash_ctrl has unconnected port s_arcache[0]
WARNING: [Synth 8-3331] design spi_flash_ctrl has unconnected port s_arprot[2]
WARNING: [Synth 8-3331] design spi_flash_ctrl has unconnected port s_arprot[1]
WARNING: [Synth 8-3331] design spi_flash_ctrl has unconnected port s_arprot[0]
WARNING: [Synth 8-3331] design spi_flash_ctrl has unconnected port s_arlock[1]
WARNING: [Synth 8-3331] design spi_flash_ctrl has unconnected port s_arlock[0]
WARNING: [Synth 8-3331] design confreg has unconnected port s_awlen[7]
WARNING: [Synth 8-3331] design confreg has unconnected port s_awlen[6]
WARNING: [Synth 8-3331] design confreg has unconnected port s_awlen[5]
WARNING: [Synth 8-3331] design confreg has unconnected port s_awlen[4]
WARNING: [Synth 8-3331] design confreg has unconnected port s_awlen[3]
WARNING: [Synth 8-3331] design confreg has unconnected port s_awlen[2]
WARNING: [Synth 8-3331] design confreg has unconnected port s_awlen[1]
WARNING: [Synth 8-3331] design confreg has unconnected port s_awlen[0]
WARNING: [Synth 8-3331] design confreg has unconnected port s_awsize[2]
INFO: [Common 17-14] Message 'Synth 8-3331' appears 100 times and further instances of the messages will be disabled. Use the Tcl command set_msg_config to change the current settings.
INFO: [Synth 8-4652] Swapped enable and write-enable on 1 RAM instances of RAM ETHERNET_TOP/u_mac_top_0/u_addr_ram/mem_reg to conserve power
INFO: [Synth 8-3886] merging instance 'ETHERNET_TOP/u_mac_top_0/u_mac_axi/U_MAC/U_TC/rad_r_reg[8]' (FDR) to 'ETHERNET_TOP/u_mac_top_0/u_mac_axi/U_MAC/U_TC/iradg_reg[8]'
INFO: [Synth 8-3333] propagating constant 1 across sequential element (\ETHERNET_TOP/u_mac_top_0/u_mac_axi/U_MAC /U_TLSM/\fifobe_reg[0] )
INFO: [Synth 8-3886] merging instance 'ETHERNET_TOP/u_mac_top_0/u_mac_axi/U_MAC/U_TLSM/lastbe_reg[0]' (FDSE) to 'ETHERNET_TOP/u_mac_top_0/u_mac_axi/U_MAC/U_TLSM/firstbe_reg[3]'
INFO: [Synth 8-3333] propagating constant 1 across sequential element (\ETHERNET_TOP/u_mac_top_0/u_mac_axi/U_MAC /U_TLSM/\firstbe_reg[3] )
INFO: [Synth 8-3886] merging instance 'ETHERNET_TOP/u_mac_top_0/u_mac_axi/U_MAC/U_TC/brel_reg[5]' (FDR) to 'ETHERNET_TOP/u_mac_top_0/u_mac_axi/U_MAC/U_TC/brel_reg[4]'
INFO: [Synth 8-3333] propagating constant 0 across sequential element (\ETHERNET_TOP/u_mac_top_0/u_mac_axi/U_MAC /U_TC/\brel_reg[6] )
INFO: [Synth 8-3886] merging instance 'ETHERNET_TOP/u_mac_top_0/u_mac_axi/U_MAC/U_TC/brel_reg[4]' (FDR) to 'ETHERNET_TOP/u_mac_top_0/u_mac_axi/U_MAC/U_TC/brel_reg[3]'
INFO: [Synth 8-3886] merging instance 'ETHERNET_TOP/u_mac_top_0/u_mac_axi/U_MAC/U_RSTC/rstcsr_dma1_reg' (FD) to 'ETHERNET_TOP/u_mac_top_0/u_mac_axi/U_MAC/U_RSTC/rstcsr_r1_reg'
INFO: [Synth 8-3886] merging instance 'ETHERNET_TOP/u_mac_top_0/u_mac_axi/U_MAC/U_TC/pmux_reg[28]' (FDS) to 'ETHERNET_TOP/u_mac_top_0/u_mac_axi/U_MAC/U_TC/pmux_reg[30]'
INFO: [Synth 8-3886] merging instance 'ETHERNET_TOP/u_mac_top_0/u_mac_axi/U_MAC/U_TC/pmux_reg[24]' (FDS) to 'ETHERNET_TOP/u_mac_top_0/u_mac_axi/U_MAC/U_TC/pmux_reg[30]'
INFO: [Synth 8-3886] merging instance 'ETHERNET_TOP/u_mac_top_0/u_mac_axi/U_MAC/U_TC/pmux_reg[20]' (FDS) to 'ETHERNET_TOP/u_mac_top_0/u_mac_axi/U_MAC/U_TC/pmux_reg[30]'
INFO: [Synth 8-3886] merging instance 'ETHERNET_TOP/u_mac_top_0/u_mac_axi/U_MAC/U_TC/pmux_reg[16]' (FDS) to 'ETHERNET_TOP/u_mac_top_0/u_mac_axi/U_MAC/U_TC/pmux_reg[30]'
INFO: [Synth 8-3886] merging instance 'ETHERNET_TOP/u_mac_top_0/u_mac_axi/U_MAC/U_TC/pmux_reg[12]' (FDS) to 'ETHERNET_TOP/u_mac_top_0/u_mac_axi/U_MAC/U_TC/pmux_reg[30]'
INFO: [Synth 8-3886] merging instance 'ETHERNET_TOP/u_mac_top_0/u_mac_axi/U_MAC/U_TC/pmux_reg[8]' (FDS) to 'ETHERNET_TOP/u_mac_top_0/u_mac_axi/U_MAC/U_TC/pmux_reg[30]'
INFO: [Synth 8-3886] merging instance 'ETHERNET_TOP/u_mac_top_0/u_mac_axi/U_MAC/U_TC/pmux_reg[4]' (FDS) to 'ETHERNET_TOP/u_mac_top_0/u_mac_axi/U_MAC/U_TC/pmux_reg[30]'
INFO: [Synth 8-3886] merging instance 'ETHERNET_TOP/u_mac_top_0/u_mac_axi/U_MAC/U_TC/pmux_reg[0]' (FDS) to 'ETHERNET_TOP/u_mac_top_0/u_mac_axi/U_MAC/U_TC/pmux_reg[30]'
INFO: [Synth 8-3886] merging instance 'ETHERNET_TOP/u_mac_top_0/u_mac_axi/U_MAC/U_TC/pmux_reg[29]' (FDS) to 'ETHERNET_TOP/u_mac_top_0/u_mac_axi/U_MAC/U_TC/pmux_reg[27]'
INFO: [Synth 8-3886] merging instance 'ETHERNET_TOP/u_mac_top_0/u_mac_axi/U_MAC/U_TC/pmux_reg[25]' (FDS) to 'ETHERNET_TOP/u_mac_top_0/u_mac_axi/U_MAC/U_TC/pmux_reg[27]'
INFO: [Synth 8-3886] merging instance 'ETHERNET_TOP/u_mac_top_0/u_mac_axi/U_MAC/U_TC/pmux_reg[21]' (FDS) to 'ETHERNET_TOP/u_mac_top_0/u_mac_axi/U_MAC/U_TC/pmux_reg[27]'
INFO: [Synth 8-3886] merging instance 'ETHERNET_TOP/u_mac_top_0/u_mac_axi/U_MAC/U_TC/pmux_reg[17]' (FDS) to 'ETHERNET_TOP/u_mac_top_0/u_mac_axi/U_MAC/U_TC/pmux_reg[27]'
INFO: [Synth 8-3886] merging instance 'ETHERNET_TOP/u_mac_top_0/u_mac_axi/U_MAC/U_TC/pmux_reg[13]' (FDS) to 'ETHERNET_TOP/u_mac_top_0/u_mac_axi/U_MAC/U_TC/pmux_reg[27]'
INFO: [Synth 8-3886] merging instance 'ETHERNET_TOP/u_mac_top_0/u_mac_axi/U_MAC/U_TC/pmux_reg[9]' (FDS) to 'ETHERNET_TOP/u_mac_top_0/u_mac_axi/U_MAC/U_TC/pmux_reg[27]'
INFO: [Synth 8-3886] merging instance 'ETHERNET_TOP/u_mac_top_0/u_mac_axi/U_MAC/U_TC/pmux_reg[5]' (FDS) to 'ETHERNET_TOP/u_mac_top_0/u_mac_axi/U_MAC/U_TC/pmux_reg[27]'
INFO: [Synth 8-3886] merging instance 'ETHERNET_TOP/u_mac_top_0/u_mac_axi/U_MAC/U_TC/pmux_reg[1]' (FDS) to 'ETHERNET_TOP/u_mac_top_0/u_mac_axi/U_MAC/U_TC/pmux_reg[27]'
INFO: [Synth 8-3886] merging instance 'ETHERNET_TOP/u_mac_top_0/u_mac_axi/U_MAC/U_TC/pmux_reg[30]' (FDS) to 'ETHERNET_TOP/u_mac_top_0/u_mac_axi/U_MAC/U_TC/pmux_reg[26]'
INFO: [Synth 8-3886] merging instance 'ETHERNET_TOP/u_mac_top_0/u_mac_axi/U_MAC/U_TC/pmux_reg[26]' (FDS) to 'ETHERNET_TOP/u_mac_top_0/u_mac_axi/U_MAC/U_TC/pmux_reg[22]'
INFO: [Synth 8-3886] merging instance 'ETHERNET_TOP/u_mac_top_0/u_mac_axi/U_MAC/U_TC/pmux_reg[22]' (FDS) to 'ETHERNET_TOP/u_mac_top_0/u_mac_axi/U_MAC/U_TC/pmux_reg[18]'
INFO: [Synth 8-3886] merging instance 'ETHERNET_TOP/u_mac_top_0/u_mac_axi/U_MAC/U_TC/pmux_reg[18]' (FDS) to 'ETHERNET_TOP/u_mac_top_0/u_mac_axi/U_MAC/U_TC/pmux_reg[14]'
INFO: [Synth 8-3886] merging instance 'ETHERNET_TOP/u_mac_top_0/u_mac_axi/U_MAC/U_TC/pmux_reg[14]' (FDS) to 'ETHERNET_TOP/u_mac_top_0/u_mac_axi/U_MAC/U_TC/pmux_reg[10]'
INFO: [Synth 8-3886] merging instance 'ETHERNET_TOP/u_mac_top_0/u_mac_axi/U_MAC/U_TC/pmux_reg[10]' (FDS) to 'ETHERNET_TOP/u_mac_top_0/u_mac_axi/U_MAC/U_TC/pmux_reg[6]'
INFO: [Synth 8-3886] merging instance 'ETHERNET_TOP/u_mac_top_0/u_mac_axi/U_MAC/U_TC/pmux_reg[6]' (FDS) to 'ETHERNET_TOP/u_mac_top_0/u_mac_axi/U_MAC/U_TC/pmux_reg[2]'
INFO: [Synth 8-3886] merging instance 'ETHERNET_TOP/u_mac_top_0/u_mac_axi/U_MAC/U_TC/pmux_reg[31]' (FDS) to 'ETHERNET_TOP/u_mac_top_0/u_mac_axi/U_MAC/U_TC/pmux_reg[23]'
INFO: [Synth 8-3886] merging instance 'ETHERNET_TOP/u_mac_top_0/u_mac_axi/U_MAC/U_TC/pmux_reg[27]' (FDS) to 'ETHERNET_TOP/u_mac_top_0/u_mac_axi/U_MAC/U_TC/pmux_reg[19]'
INFO: [Synth 8-3886] merging instance 'ETHERNET_TOP/u_mac_top_0/u_mac_axi/U_MAC/U_TC/pmux_reg[23]' (FDS) to 'ETHERNET_TOP/u_mac_top_0/u_mac_axi/U_MAC/U_TC/pmux_reg[15]'
INFO: [Synth 8-3886] merging instance 'ETHERNET_TOP/u_mac_top_0/u_mac_axi/U_MAC/U_TC/pmux_reg[19]' (FDS) to 'ETHERNET_TOP/u_mac_top_0/u_mac_axi/U_MAC/U_TC/pmux_reg[11]'
INFO: [Synth 8-3886] merging instance 'ETHERNET_TOP/u_mac_top_0/u_mac_axi/U_MAC/U_TC/pmux_reg[15]' (FDS) to 'ETHERNET_TOP/u_mac_top_0/u_mac_axi/U_MAC/U_TC/pmux_reg[7]'
INFO: [Synth 8-3886] merging instance 'ETHERNET_TOP/u_mac_top_0/u_mac_axi/U_MAC/U_TC/pmux_reg[11]' (FDS) to 'ETHERNET_TOP/u_mac_top_0/u_mac_axi/U_MAC/U_TC/pmux_reg[3]'
INFO: [Synth 8-3886] merging instance 'ETHERNET_TOP/u_mac_top_0/u_mac_axi/U_MAC/U_RSTC/rstcsr_dma2_reg' (FD) to 'ETHERNET_TOP/u_mac_top_0/u_mac_axi/U_MAC/U_RSTC/rstcsr_r2_reg'
INFO: [Synth 8-3333] propagating constant 1 across sequential element (\SPI/simple_spi/ack_o_reg )
INFO: [Synth 8-3333] propagating constant 1 across sequential element (\SPI/simple_spi/spcr_reg[4] )
INFO: [Synth 8-3333] propagating constant 0 across sequential element (\SPI/pdreq_r_reg )
INFO: [Synth 8-3886] merging instance 'CONFREG/scan_data_reg[1]' (FDR) to 'CONFREG/scan_data_reg[3]'
INFO: [Synth 8-3886] merging instance 'CONFREG/scan_data_reg[0]' (FDR) to 'CONFREG/scan_data_reg[3]'
INFO: [Synth 8-3886] merging instance 'CONFREG/scan_data_reg[2]' (FDR) to 'CONFREG/scan_data_reg[3]'
INFO: [Synth 8-3333] propagating constant 0 across sequential element (\CONFREG/scan_data_reg[3] )
INFO: [Synth 8-3886] merging instance 'CONFREG/num_a_g_reg[1]' (FDR) to 'CONFREG/num_a_g_reg[6]'
INFO: [Synth 8-3886] merging instance 'CONFREG/num_a_g_reg[2]' (FDR) to 'CONFREG/num_a_g_reg[6]'
INFO: [Synth 8-3886] merging instance 'CONFREG/num_a_g_reg[3]' (FDR) to 'CONFREG/num_a_g_reg[6]'
INFO: [Synth 8-3886] merging instance 'CONFREG/num_a_g_reg[4]' (FDR) to 'CONFREG/num_a_g_reg[6]'
INFO: [Synth 8-3886] merging instance 'CONFREG/num_a_g_reg[5]' (FDR) to 'CONFREG/num_a_g_reg[6]'
